<book id="123" category="fiction">
  <title lang="en">Test Book</title>
</book>
